2020-12-15 16:26:07.717  INFO 773 --- [main] c.s.safetynet.SafetynetApplication       : Starting SafetynetApplication on Rahuls-MacBook-Pro.local with PID 773 (/Users/rahuljajoria/Desktop/GitProjects/GitHub/deliverable5/safetynet/target/classes started by rahuljajoria in /Users/rahuljajoria/Desktop/GitProjects/GitHub/deliverable5/safetynet)
2020-12-15 16:26:07.727 DEBUG 773 --- [main] c.s.safetynet.SafetynetApplication       : Running with Spring Boot v2.3.5.RELEASE, Spring v5.2.10.RELEASE
2020-12-15 16:26:07.727  INFO 773 --- [main] c.s.safetynet.SafetynetApplication       : No active profile set, falling back to default profiles: default
2020-12-15 16:26:08.615  INFO 773 --- [main] o.s.b.w.embedded.tomcat.TomcatWebServer  : Tomcat initialized with port(s): 8080 (http)
2020-12-15 16:26:08.624  INFO 773 --- [main] o.apache.catalina.core.StandardService   : Starting service [Tomcat]
2020-12-15 16:26:08.625  INFO 773 --- [main] org.apache.catalina.core.StandardEngine  : Starting Servlet engine: [Apache Tomcat/9.0.39]
2020-12-15 16:26:08.684  INFO 773 --- [main] o.a.c.c.C.[Tomcat].[localhost].[/]       : Initializing Spring embedded WebApplicationContext
2020-12-15 16:26:08.684  INFO 773 --- [main] w.s.c.ServletWebServerApplicationContext : Root WebApplicationContext: initialization completed in 887 ms
2020-12-15 16:26:08.885  INFO 773 --- [main] o.s.s.concurrent.ThreadPoolTaskExecutor  : Initializing ExecutorService 'applicationTaskExecutor'
2020-12-15 16:26:09.031  INFO 773 --- [main] o.s.b.w.embedded.tomcat.TomcatWebServer  : Tomcat started on port(s): 8080 (http) with context path ''
2020-12-15 16:26:09.040  INFO 773 --- [main] c.s.safetynet.SafetynetApplication       : Started SafetynetApplication in 1.925 seconds (JVM running for 2.366)
2020-12-15 16:26:13.380  INFO 773 --- [http-nio-8080-exec-2] o.a.c.c.C.[Tomcat].[localhost].[/]       : Initializing Spring DispatcherServlet 'dispatcherServlet'
2020-12-15 16:26:13.380  INFO 773 --- [http-nio-8080-exec-2] o.s.web.servlet.DispatcherServlet        : Initializing Servlet 'dispatcherServlet'
2020-12-15 16:26:13.386  INFO 773 --- [http-nio-8080-exec-2] o.s.web.servlet.DispatcherServlet        : Completed initialization in 6 ms
2020-12-15 16:26:13.411  INFO 773 --- [http-nio-8080-exec-2] c.s.s.controller.SafetynetController     : Request --http://localhost:8080/flood/stations?stations=[1, 2, 3]
2020-12-15 16:26:13.411 DEBUG 773 --- [http-nio-8080-exec-2] c.s.s.controller.SafetynetController     : Data from the address list [1509 Culver St, 29 15th St, 834 Binoc Ave, 644 Gershwin Cir, 748 Townings Dr, 112 Steppes Pl, 892 Downing Ct, 908 73rd St, 947 E. Rose Dr, 748 Townings Dr, 951 LoneTree Rd]
2020-12-15 16:26:13.412 DEBUG 773 --- [http-nio-8080-exec-2] c.s.s.controller.SafetynetController     : Data from the list [com.safetynet.safetynet.dto.FloodDTODetails$DetailDTO$FloodDTO@6468c5f5, com.safetynet.safetynet.dto.FloodDTODetails$DetailDTO$FloodDTO@25b077f2, com.safetynet.safetynet.dto.FloodDTODetails$DetailDTO$FloodDTO@e30391d, com.safetynet.safetynet.dto.FloodDTODetails$DetailDTO$FloodDTO@667f0f2d, com.safetynet.safetynet.dto.FloodDTODetails$DetailDTO$FloodDTO@449a397a]
2020-12-15 16:26:13.412 DEBUG 773 --- [http-nio-8080-exec-2] c.s.s.controller.SafetynetController     : Data from the list with grouped by addresses [com.safetynet.safetynet.dto.FloodDTODetails$DetailDTO@62b3d9fc]
2020-12-15 16:26:13.412 DEBUG 773 --- [http-nio-8080-exec-2] c.s.s.controller.SafetynetController     : Data from the list [com.safetynet.safetynet.dto.FloodDTODetails$DetailDTO$FloodDTO@6dc4fc66]
2020-12-15 16:26:13.413 DEBUG 773 --- [http-nio-8080-exec-2] c.s.s.controller.SafetynetController     : Data from the list with grouped by addresses [com.safetynet.safetynet.dto.FloodDTODetails$DetailDTO@62b3d9fc, com.safetynet.safetynet.dto.FloodDTODetails$DetailDTO@73dc8094]
2020-12-15 16:26:13.413 DEBUG 773 --- [http-nio-8080-exec-2] c.s.s.controller.SafetynetController     : Data from the list [com.safetynet.safetynet.dto.FloodDTODetails$DetailDTO$FloodDTO@6618267c]
2020-12-15 16:26:13.413 DEBUG 773 --- [http-nio-8080-exec-2] c.s.s.controller.SafetynetController     : Data from the list with grouped by addresses [com.safetynet.safetynet.dto.FloodDTODetails$DetailDTO@62b3d9fc, com.safetynet.safetynet.dto.FloodDTODetails$DetailDTO@73dc8094, com.safetynet.safetynet.dto.FloodDTODetails$DetailDTO@1a986f7a]
2020-12-15 16:26:13.413 DEBUG 773 --- [http-nio-8080-exec-2] c.s.s.controller.SafetynetController     : Data from the list [com.safetynet.safetynet.dto.FloodDTODetails$DetailDTO$FloodDTO@50759783]
2020-12-15 16:26:13.413 DEBUG 773 --- [http-nio-8080-exec-2] c.s.s.controller.SafetynetController     : Data from the list with grouped by addresses [com.safetynet.safetynet.dto.FloodDTODetails$DetailDTO@62b3d9fc, com.safetynet.safetynet.dto.FloodDTODetails$DetailDTO@73dc8094, com.safetynet.safetynet.dto.FloodDTODetails$DetailDTO@1a986f7a, com.safetynet.safetynet.dto.FloodDTODetails$DetailDTO@47ba6539]
2020-12-15 16:26:13.413 DEBUG 773 --- [http-nio-8080-exec-2] c.s.s.controller.SafetynetController     : Data from the list [com.safetynet.safetynet.dto.FloodDTODetails$DetailDTO$FloodDTO@60368074, com.safetynet.safetynet.dto.FloodDTODetails$DetailDTO$FloodDTO@398cc0b7]
2020-12-15 16:26:13.413 DEBUG 773 --- [http-nio-8080-exec-2] c.s.s.controller.SafetynetController     : Data from the list with grouped by addresses [com.safetynet.safetynet.dto.FloodDTODetails$DetailDTO@62b3d9fc, com.safetynet.safetynet.dto.FloodDTODetails$DetailDTO@73dc8094, com.safetynet.safetynet.dto.FloodDTODetails$DetailDTO@1a986f7a, com.safetynet.safetynet.dto.FloodDTODetails$DetailDTO@47ba6539, com.safetynet.safetynet.dto.FloodDTODetails$DetailDTO@45b9918a]
2020-12-15 16:26:13.414 DEBUG 773 --- [http-nio-8080-exec-2] c.s.s.controller.SafetynetController     : Data from the list [com.safetynet.safetynet.dto.FloodDTODetails$DetailDTO$FloodDTO@51bea7a9, com.safetynet.safetynet.dto.FloodDTODetails$DetailDTO$FloodDTO@5dfa8ca, com.safetynet.safetynet.dto.FloodDTODetails$DetailDTO$FloodDTO@5a8949be]
2020-12-15 16:26:13.414 DEBUG 773 --- [http-nio-8080-exec-2] c.s.s.controller.SafetynetController     : Data from the list with grouped by addresses [com.safetynet.safetynet.dto.FloodDTODetails$DetailDTO@62b3d9fc, com.safetynet.safetynet.dto.FloodDTODetails$DetailDTO@73dc8094, com.safetynet.safetynet.dto.FloodDTODetails$DetailDTO@1a986f7a, com.safetynet.safetynet.dto.FloodDTODetails$DetailDTO@47ba6539, com.safetynet.safetynet.dto.FloodDTODetails$DetailDTO@45b9918a, com.safetynet.safetynet.dto.FloodDTODetails$DetailDTO@5335b6a4]
2020-12-15 16:26:13.414 DEBUG 773 --- [http-nio-8080-exec-2] c.s.s.controller.SafetynetController     : Data from the list [com.safetynet.safetynet.dto.FloodDTODetails$DetailDTO$FloodDTO@7792c084, com.safetynet.safetynet.dto.FloodDTODetails$DetailDTO$FloodDTO@f73bf44, com.safetynet.safetynet.dto.FloodDTODetails$DetailDTO$FloodDTO@1fa7d3ad]
2020-12-15 16:26:13.415 DEBUG 773 --- [http-nio-8080-exec-2] c.s.s.controller.SafetynetController     : Data from the list with grouped by addresses [com.safetynet.safetynet.dto.FloodDTODetails$DetailDTO@62b3d9fc, com.safetynet.safetynet.dto.FloodDTODetails$DetailDTO@73dc8094, com.safetynet.safetynet.dto.FloodDTODetails$DetailDTO@1a986f7a, com.safetynet.safetynet.dto.FloodDTODetails$DetailDTO@47ba6539, com.safetynet.safetynet.dto.FloodDTODetails$DetailDTO@45b9918a, com.safetynet.safetynet.dto.FloodDTODetails$DetailDTO@5335b6a4, com.safetynet.safetynet.dto.FloodDTODetails$DetailDTO@6159d66b]
2020-12-15 16:26:13.415 DEBUG 773 --- [http-nio-8080-exec-2] c.s.s.controller.SafetynetController     : Data from the list [com.safetynet.safetynet.dto.FloodDTODetails$DetailDTO$FloodDTO@aebc24, com.safetynet.safetynet.dto.FloodDTODetails$DetailDTO$FloodDTO@1235baea]
2020-12-15 16:26:13.415 DEBUG 773 --- [http-nio-8080-exec-2] c.s.s.controller.SafetynetController     : Data from the list with grouped by addresses [com.safetynet.safetynet.dto.FloodDTODetails$DetailDTO@62b3d9fc, com.safetynet.safetynet.dto.FloodDTODetails$DetailDTO@73dc8094, com.safetynet.safetynet.dto.FloodDTODetails$DetailDTO@1a986f7a, com.safetynet.safetynet.dto.FloodDTODetails$DetailDTO@47ba6539, com.safetynet.safetynet.dto.FloodDTODetails$DetailDTO@45b9918a, com.safetynet.safetynet.dto.FloodDTODetails$DetailDTO@5335b6a4, com.safetynet.safetynet.dto.FloodDTODetails$DetailDTO@6159d66b, com.safetynet.safetynet.dto.FloodDTODetails$DetailDTO@33ae29ba]
2020-12-15 16:26:13.415 DEBUG 773 --- [http-nio-8080-exec-2] c.s.s.controller.SafetynetController     : Data from the list [com.safetynet.safetynet.dto.FloodDTODetails$DetailDTO$FloodDTO@1c6b4b2a, com.safetynet.safetynet.dto.FloodDTODetails$DetailDTO$FloodDTO@69d19b1f, com.safetynet.safetynet.dto.FloodDTODetails$DetailDTO$FloodDTO@560c8e25]
2020-12-15 16:26:13.415 DEBUG 773 --- [http-nio-8080-exec-2] c.s.s.controller.SafetynetController     : Data from the list with grouped by addresses [com.safetynet.safetynet.dto.FloodDTODetails$DetailDTO@62b3d9fc, com.safetynet.safetynet.dto.FloodDTODetails$DetailDTO@73dc8094, com.safetynet.safetynet.dto.FloodDTODetails$DetailDTO@1a986f7a, com.safetynet.safetynet.dto.FloodDTODetails$DetailDTO@47ba6539, com.safetynet.safetynet.dto.FloodDTODetails$DetailDTO@45b9918a, com.safetynet.safetynet.dto.FloodDTODetails$DetailDTO@5335b6a4, com.safetynet.safetynet.dto.FloodDTODetails$DetailDTO@6159d66b, com.safetynet.safetynet.dto.FloodDTODetails$DetailDTO@33ae29ba, com.safetynet.safetynet.dto.FloodDTODetails$DetailDTO@14ad8ea7]
2020-12-15 16:26:13.415 DEBUG 773 --- [http-nio-8080-exec-2] c.s.s.controller.SafetynetController     : Data from the list [com.safetynet.safetynet.dto.FloodDTODetails$DetailDTO$FloodDTO@52d9b503, com.safetynet.safetynet.dto.FloodDTODetails$DetailDTO$FloodDTO@37b5c524]
2020-12-15 16:26:13.416 DEBUG 773 --- [http-nio-8080-exec-2] c.s.s.controller.SafetynetController     : Data from the list with grouped by addresses [com.safetynet.safetynet.dto.FloodDTODetails$DetailDTO@62b3d9fc, com.safetynet.safetynet.dto.FloodDTODetails$DetailDTO@73dc8094, com.safetynet.safetynet.dto.FloodDTODetails$DetailDTO@1a986f7a, com.safetynet.safetynet.dto.FloodDTODetails$DetailDTO@47ba6539, com.safetynet.safetynet.dto.FloodDTODetails$DetailDTO@45b9918a, com.safetynet.safetynet.dto.FloodDTODetails$DetailDTO@5335b6a4, com.safetynet.safetynet.dto.FloodDTODetails$DetailDTO@6159d66b, com.safetynet.safetynet.dto.FloodDTODetails$DetailDTO@33ae29ba, com.safetynet.safetynet.dto.FloodDTODetails$DetailDTO@14ad8ea7, com.safetynet.safetynet.dto.FloodDTODetails$DetailDTO@57a0851]
2020-12-15 16:26:13.423 ERROR 773 --- [http-nio-8080-exec-2] o.a.c.c.C.[.[.[/].[dispatcherServlet]    : Servlet.service() for servlet [dispatcherServlet] in context with path [] threw exception [Request processing failed; nested exception is java.lang.IndexOutOfBoundsException: Index 23 out of bounds for length 23] with root cause

java.lang.IndexOutOfBoundsException: Index 23 out of bounds for length 23
	at java.base/jdk.internal.util.Preconditions.outOfBounds(Preconditions.java:64) ~[na:na]
	at java.base/jdk.internal.util.Preconditions.outOfBoundsCheckIndex(Preconditions.java:70) ~[na:na]
	at java.base/jdk.internal.util.Preconditions.checkIndex(Preconditions.java:248) ~[na:na]
	at java.base/java.util.Objects.checkIndex(Objects.java:359) ~[na:na]
	at java.base/java.util.ArrayList.get(ArrayList.java:427) ~[na:na]
	at com.safetynet.safetynet.controller.SafetynetController.getFloodInfo(SafetynetController.java:151) ~[classes/:na]
	at java.base/jdk.internal.reflect.NativeMethodAccessorImpl.invoke0(Native Method) ~[na:na]
	at java.base/jdk.internal.reflect.NativeMethodAccessorImpl.invoke(NativeMethodAccessorImpl.java:64) ~[na:na]
	at java.base/jdk.internal.reflect.DelegatingMethodAccessorImpl.invoke(DelegatingMethodAccessorImpl.java:43) ~[na:na]
	at java.base/java.lang.reflect.Method.invoke(Method.java:564) ~[na:na]
	at org.springframework.web.method.support.InvocableHandlerMethod.doInvoke(InvocableHandlerMethod.java:190) ~[spring-web-5.2.10.RELEASE.jar:5.2.10.RELEASE]
	at org.springframework.web.method.support.InvocableHandlerMethod.invokeForRequest(InvocableHandlerMethod.java:138) ~[spring-web-5.2.10.RELEASE.jar:5.2.10.RELEASE]
	at org.springframework.web.servlet.mvc.method.annotation.ServletInvocableHandlerMethod.invokeAndHandle(ServletInvocableHandlerMethod.java:105) ~[spring-webmvc-5.2.10.RELEASE.jar:5.2.10.RELEASE]
	at org.springframework.web.servlet.mvc.method.annotation.RequestMappingHandlerAdapter.invokeHandlerMethod(RequestMappingHandlerAdapter.java:878) ~[spring-webmvc-5.2.10.RELEASE.jar:5.2.10.RELEASE]
	at org.springframework.web.servlet.mvc.method.annotation.RequestMappingHandlerAdapter.handleInternal(RequestMappingHandlerAdapter.java:792) ~[spring-webmvc-5.2.10.RELEASE.jar:5.2.10.RELEASE]
	at org.springframework.web.servlet.mvc.method.AbstractHandlerMethodAdapter.handle(AbstractHandlerMethodAdapter.java:87) ~[spring-webmvc-5.2.10.RELEASE.jar:5.2.10.RELEASE]
	at org.springframework.web.servlet.DispatcherServlet.doDispatch(DispatcherServlet.java:1040) ~[spring-webmvc-5.2.10.RELEASE.jar:5.2.10.RELEASE]
	at org.springframework.web.servlet.DispatcherServlet.doService(DispatcherServlet.java:943) ~[spring-webmvc-5.2.10.RELEASE.jar:5.2.10.RELEASE]
	at org.springframework.web.servlet.FrameworkServlet.processRequest(FrameworkServlet.java:1006) ~[spring-webmvc-5.2.10.RELEASE.jar:5.2.10.RELEASE]
	at org.springframework.web.servlet.FrameworkServlet.doGet(FrameworkServlet.java:898) ~[spring-webmvc-5.2.10.RELEASE.jar:5.2.10.RELEASE]
	at javax.servlet.http.HttpServlet.service(HttpServlet.java:626) ~[tomcat-embed-core-9.0.39.jar:4.0.FR]
	at org.springframework.web.servlet.FrameworkServlet.service(FrameworkServlet.java:883) ~[spring-webmvc-5.2.10.RELEASE.jar:5.2.10.RELEASE]
	at javax.servlet.http.HttpServlet.service(HttpServlet.java:733) ~[tomcat-embed-core-9.0.39.jar:4.0.FR]
	at org.apache.catalina.core.ApplicationFilterChain.internalDoFilter(ApplicationFilterChain.java:231) ~[tomcat-embed-core-9.0.39.jar:9.0.39]
	at org.apache.catalina.core.ApplicationFilterChain.doFilter(ApplicationFilterChain.java:166) ~[tomcat-embed-core-9.0.39.jar:9.0.39]
	at org.apache.tomcat.websocket.server.WsFilter.doFilter(WsFilter.java:53) ~[tomcat-embed-websocket-9.0.39.jar:9.0.39]
	at org.apache.catalina.core.ApplicationFilterChain.internalDoFilter(ApplicationFilterChain.java:193) ~[tomcat-embed-core-9.0.39.jar:9.0.39]
	at org.apache.catalina.core.ApplicationFilterChain.doFilter(ApplicationFilterChain.java:166) ~[tomcat-embed-core-9.0.39.jar:9.0.39]
	at org.springframework.web.filter.RequestContextFilter.doFilterInternal(RequestContextFilter.java:100) ~[spring-web-5.2.10.RELEASE.jar:5.2.10.RELEASE]
	at org.springframework.web.filter.OncePerRequestFilter.doFilter(OncePerRequestFilter.java:119) ~[spring-web-5.2.10.RELEASE.jar:5.2.10.RELEASE]
	at org.apache.catalina.core.ApplicationFilterChain.internalDoFilter(ApplicationFilterChain.java:193) ~[tomcat-embed-core-9.0.39.jar:9.0.39]
	at org.apache.catalina.core.ApplicationFilterChain.doFilter(ApplicationFilterChain.java:166) ~[tomcat-embed-core-9.0.39.jar:9.0.39]
	at org.springframework.web.filter.FormContentFilter.doFilterInternal(FormContentFilter.java:93) ~[spring-web-5.2.10.RELEASE.jar:5.2.10.RELEASE]
	at org.springframework.web.filter.OncePerRequestFilter.doFilter(OncePerRequestFilter.java:119) ~[spring-web-5.2.10.RELEASE.jar:5.2.10.RELEASE]
	at org.apache.catalina.core.ApplicationFilterChain.internalDoFilter(ApplicationFilterChain.java:193) ~[tomcat-embed-core-9.0.39.jar:9.0.39]
	at org.apache.catalina.core.ApplicationFilterChain.doFilter(ApplicationFilterChain.java:166) ~[tomcat-embed-core-9.0.39.jar:9.0.39]
	at org.springframework.web.filter.CharacterEncodingFilter.doFilterInternal(CharacterEncodingFilter.java:201) ~[spring-web-5.2.10.RELEASE.jar:5.2.10.RELEASE]
	at org.springframework.web.filter.OncePerRequestFilter.doFilter(OncePerRequestFilter.java:119) ~[spring-web-5.2.10.RELEASE.jar:5.2.10.RELEASE]
	at org.apache.catalina.core.ApplicationFilterChain.internalDoFilter(ApplicationFilterChain.java:193) ~[tomcat-embed-core-9.0.39.jar:9.0.39]
	at org.apache.catalina.core.ApplicationFilterChain.doFilter(ApplicationFilterChain.java:166) ~[tomcat-embed-core-9.0.39.jar:9.0.39]
	at org.apache.catalina.core.StandardWrapperValve.invoke(StandardWrapperValve.java:202) ~[tomcat-embed-core-9.0.39.jar:9.0.39]
	at org.apache.catalina.core.StandardContextValve.invoke(StandardContextValve.java:97) ~[tomcat-embed-core-9.0.39.jar:9.0.39]
	at org.apache.catalina.authenticator.AuthenticatorBase.invoke(AuthenticatorBase.java:542) ~[tomcat-embed-core-9.0.39.jar:9.0.39]
	at org.apache.catalina.core.StandardHostValve.invoke(StandardHostValve.java:143) ~[tomcat-embed-core-9.0.39.jar:9.0.39]
	at org.apache.catalina.valves.ErrorReportValve.invoke(ErrorReportValve.java:92) ~[tomcat-embed-core-9.0.39.jar:9.0.39]
	at org.apache.catalina.core.StandardEngineValve.invoke(StandardEngineValve.java:78) ~[tomcat-embed-core-9.0.39.jar:9.0.39]
	at org.apache.catalina.connector.CoyoteAdapter.service(CoyoteAdapter.java:343) ~[tomcat-embed-core-9.0.39.jar:9.0.39]
	at org.apache.coyote.http11.Http11Processor.service(Http11Processor.java:374) ~[tomcat-embed-core-9.0.39.jar:9.0.39]
	at org.apache.coyote.AbstractProcessorLight.process(AbstractProcessorLight.java:65) ~[tomcat-embed-core-9.0.39.jar:9.0.39]
	at org.apache.coyote.AbstractProtocol$ConnectionHandler.process(AbstractProtocol.java:868) ~[tomcat-embed-core-9.0.39.jar:9.0.39]
	at org.apache.tomcat.util.net.NioEndpoint$SocketProcessor.doRun(NioEndpoint.java:1590) ~[tomcat-embed-core-9.0.39.jar:9.0.39]
	at org.apache.tomcat.util.net.SocketProcessorBase.run(SocketProcessorBase.java:49) ~[tomcat-embed-core-9.0.39.jar:9.0.39]
	at java.base/java.util.concurrent.ThreadPoolExecutor.runWorker(ThreadPoolExecutor.java:1130) ~[na:na]
	at java.base/java.util.concurrent.ThreadPoolExecutor$Worker.run(ThreadPoolExecutor.java:630) ~[na:na]
	at org.apache.tomcat.util.threads.TaskThread$WrappingRunnable.run(TaskThread.java:61) ~[tomcat-embed-core-9.0.39.jar:9.0.39]
	at java.base/java.lang.Thread.run(Thread.java:832) ~[na:na]

2020-12-15 16:29:07.094  INFO 773 --- [http-nio-8080-exec-4] c.s.s.controller.SafetynetController     : Request --http://localhost:8080/flood/stations?stations=[1]
2020-12-15 16:29:07.109 DEBUG 773 --- [http-nio-8080-exec-4] c.s.s.controller.SafetynetController     : Data from the address list [644 Gershwin Cir, 908 73rd St, 947 E. Rose Dr]
2020-12-15 16:29:07.110 DEBUG 773 --- [http-nio-8080-exec-4] c.s.s.controller.SafetynetController     : Data from the list [com.safetynet.safetynet.dto.FloodDTODetails$DetailDTO$FloodDTO@4ca87341]
2020-12-15 16:29:07.110 DEBUG 773 --- [http-nio-8080-exec-4] c.s.s.controller.SafetynetController     : Data from the list with grouped by addresses [com.safetynet.safetynet.dto.FloodDTODetails$DetailDTO@426f84a4]
2020-12-15 16:29:07.110 DEBUG 773 --- [http-nio-8080-exec-4] c.s.s.controller.SafetynetController     : Data from the list [com.safetynet.safetynet.dto.FloodDTODetails$DetailDTO$FloodDTO@46501831, com.safetynet.safetynet.dto.FloodDTODetails$DetailDTO$FloodDTO@3528e9f]
2020-12-15 16:29:07.110 DEBUG 773 --- [http-nio-8080-exec-4] c.s.s.controller.SafetynetController     : Data from the list with grouped by addresses [com.safetynet.safetynet.dto.FloodDTODetails$DetailDTO@426f84a4, com.safetynet.safetynet.dto.FloodDTODetails$DetailDTO@c6fd7cf]
2020-12-15 16:29:07.110 DEBUG 773 --- [http-nio-8080-exec-4] c.s.s.controller.SafetynetController     : Data from the list [com.safetynet.safetynet.dto.FloodDTODetails$DetailDTO$FloodDTO@329b2842, com.safetynet.safetynet.dto.FloodDTODetails$DetailDTO$FloodDTO@744c2fb0, com.safetynet.safetynet.dto.FloodDTODetails$DetailDTO$FloodDTO@637d71d0]
2020-12-15 16:29:07.110 DEBUG 773 --- [http-nio-8080-exec-4] c.s.s.controller.SafetynetController     : Data from the list with grouped by addresses [com.safetynet.safetynet.dto.FloodDTODetails$DetailDTO@426f84a4, com.safetynet.safetynet.dto.FloodDTODetails$DetailDTO@c6fd7cf, com.safetynet.safetynet.dto.FloodDTODetails$DetailDTO@115e03df]
2020-12-15 16:29:07.110  INFO 773 --- [http-nio-8080-exec-4] c.s.s.controller.SafetynetController     : Response --com.safetynet.safetynet.dto.FloodDTODetails@7a6cf08e
2020-12-15 16:29:25.285  INFO 773 --- [http-nio-8080-exec-5] c.s.s.controller.SafetynetController     : Request --http://localhost:8080/flood/stations?stations=[1, 2]
2020-12-15 16:29:25.299 DEBUG 773 --- [http-nio-8080-exec-5] c.s.s.controller.SafetynetController     : Data from the address list [29 15th St, 644 Gershwin Cir, 892 Downing Ct, 908 73rd St, 947 E. Rose Dr, 951 LoneTree Rd]
2020-12-15 16:29:25.300 DEBUG 773 --- [http-nio-8080-exec-5] c.s.s.controller.SafetynetController     : Data from the list [com.safetynet.safetynet.dto.FloodDTODetails$DetailDTO$FloodDTO@1ef41df7]
2020-12-15 16:29:25.300 DEBUG 773 --- [http-nio-8080-exec-5] c.s.s.controller.SafetynetController     : Data from the list with grouped by addresses [com.safetynet.safetynet.dto.FloodDTODetails$DetailDTO@1033e059]
2020-12-15 16:29:25.300 DEBUG 773 --- [http-nio-8080-exec-5] c.s.s.controller.SafetynetController     : Data from the list [com.safetynet.safetynet.dto.FloodDTODetails$DetailDTO$FloodDTO@140c7687]
2020-12-15 16:29:25.300 DEBUG 773 --- [http-nio-8080-exec-5] c.s.s.controller.SafetynetController     : Data from the list with grouped by addresses [com.safetynet.safetynet.dto.FloodDTODetails$DetailDTO@1033e059, com.safetynet.safetynet.dto.FloodDTODetails$DetailDTO@510eea62]
2020-12-15 16:29:25.300 DEBUG 773 --- [http-nio-8080-exec-5] c.s.s.controller.SafetynetController     : Data from the list [com.safetynet.safetynet.dto.FloodDTODetails$DetailDTO$FloodDTO@6fab4e11, com.safetynet.safetynet.dto.FloodDTODetails$DetailDTO$FloodDTO@60955a95, com.safetynet.safetynet.dto.FloodDTODetails$DetailDTO$FloodDTO@17daa04e]
2020-12-15 16:29:25.301 DEBUG 773 --- [http-nio-8080-exec-5] c.s.s.controller.SafetynetController     : Data from the list with grouped by addresses [com.safetynet.safetynet.dto.FloodDTODetails$DetailDTO@1033e059, com.safetynet.safetynet.dto.FloodDTODetails$DetailDTO@510eea62, com.safetynet.safetynet.dto.FloodDTODetails$DetailDTO@3121152d]
2020-12-15 16:29:25.301 DEBUG 773 --- [http-nio-8080-exec-5] c.s.s.controller.SafetynetController     : Data from the list [com.safetynet.safetynet.dto.FloodDTODetails$DetailDTO$FloodDTO@4cf0ede, com.safetynet.safetynet.dto.FloodDTODetails$DetailDTO$FloodDTO@4e44bd20]
2020-12-15 16:29:25.301 DEBUG 773 --- [http-nio-8080-exec-5] c.s.s.controller.SafetynetController     : Data from the list with grouped by addresses [com.safetynet.safetynet.dto.FloodDTODetails$DetailDTO@1033e059, com.safetynet.safetynet.dto.FloodDTODetails$DetailDTO@510eea62, com.safetynet.safetynet.dto.FloodDTODetails$DetailDTO@3121152d, com.safetynet.safetynet.dto.FloodDTODetails$DetailDTO@cdeac76]
2020-12-15 16:29:25.301 DEBUG 773 --- [http-nio-8080-exec-5] c.s.s.controller.SafetynetController     : Data from the list [com.safetynet.safetynet.dto.FloodDTODetails$DetailDTO$FloodDTO@356f48bd, com.safetynet.safetynet.dto.FloodDTODetails$DetailDTO$FloodDTO@49aa1930, com.safetynet.safetynet.dto.FloodDTODetails$DetailDTO$FloodDTO@22ec1098]
2020-12-15 16:29:25.302 DEBUG 773 --- [http-nio-8080-exec-5] c.s.s.controller.SafetynetController     : Data from the list with grouped by addresses [com.safetynet.safetynet.dto.FloodDTODetails$DetailDTO@1033e059, com.safetynet.safetynet.dto.FloodDTODetails$DetailDTO@510eea62, com.safetynet.safetynet.dto.FloodDTODetails$DetailDTO@3121152d, com.safetynet.safetynet.dto.FloodDTODetails$DetailDTO@cdeac76, com.safetynet.safetynet.dto.FloodDTODetails$DetailDTO@5b28b5af]
2020-12-15 16:29:25.303 ERROR 773 --- [http-nio-8080-exec-5] o.a.c.c.C.[.[.[/].[dispatcherServlet]    : Servlet.service() for servlet [dispatcherServlet] in context with path [] threw exception [Request processing failed; nested exception is java.lang.IndexOutOfBoundsException: Index 23 out of bounds for length 23] with root cause

java.lang.IndexOutOfBoundsException: Index 23 out of bounds for length 23
	at java.base/jdk.internal.util.Preconditions.outOfBounds(Preconditions.java:64) ~[na:na]
	at java.base/jdk.internal.util.Preconditions.outOfBoundsCheckIndex(Preconditions.java:70) ~[na:na]
	at java.base/jdk.internal.util.Preconditions.checkIndex(Preconditions.java:248) ~[na:na]
	at java.base/java.util.Objects.checkIndex(Objects.java:359) ~[na:na]
	at java.base/java.util.ArrayList.get(ArrayList.java:427) ~[na:na]
	at com.safetynet.safetynet.controller.SafetynetController.getFloodInfo(SafetynetController.java:151) ~[classes/:na]
	at java.base/jdk.internal.reflect.NativeMethodAccessorImpl.invoke0(Native Method) ~[na:na]
	at java.base/jdk.internal.reflect.NativeMethodAccessorImpl.invoke(NativeMethodAccessorImpl.java:64) ~[na:na]
	at java.base/jdk.internal.reflect.DelegatingMethodAccessorImpl.invoke(DelegatingMethodAccessorImpl.java:43) ~[na:na]
	at java.base/java.lang.reflect.Method.invoke(Method.java:564) ~[na:na]
	at org.springframework.web.method.support.InvocableHandlerMethod.doInvoke(InvocableHandlerMethod.java:190) ~[spring-web-5.2.10.RELEASE.jar:5.2.10.RELEASE]
	at org.springframework.web.method.support.InvocableHandlerMethod.invokeForRequest(InvocableHandlerMethod.java:138) ~[spring-web-5.2.10.RELEASE.jar:5.2.10.RELEASE]
	at org.springframework.web.servlet.mvc.method.annotation.ServletInvocableHandlerMethod.invokeAndHandle(ServletInvocableHandlerMethod.java:105) ~[spring-webmvc-5.2.10.RELEASE.jar:5.2.10.RELEASE]
	at org.springframework.web.servlet.mvc.method.annotation.RequestMappingHandlerAdapter.invokeHandlerMethod(RequestMappingHandlerAdapter.java:878) ~[spring-webmvc-5.2.10.RELEASE.jar:5.2.10.RELEASE]
	at org.springframework.web.servlet.mvc.method.annotation.RequestMappingHandlerAdapter.handleInternal(RequestMappingHandlerAdapter.java:792) ~[spring-webmvc-5.2.10.RELEASE.jar:5.2.10.RELEASE]
	at org.springframework.web.servlet.mvc.method.AbstractHandlerMethodAdapter.handle(AbstractHandlerMethodAdapter.java:87) ~[spring-webmvc-5.2.10.RELEASE.jar:5.2.10.RELEASE]
	at org.springframework.web.servlet.DispatcherServlet.doDispatch(DispatcherServlet.java:1040) ~[spring-webmvc-5.2.10.RELEASE.jar:5.2.10.RELEASE]
	at org.springframework.web.servlet.DispatcherServlet.doService(DispatcherServlet.java:943) ~[spring-webmvc-5.2.10.RELEASE.jar:5.2.10.RELEASE]
	at org.springframework.web.servlet.FrameworkServlet.processRequest(FrameworkServlet.java:1006) ~[spring-webmvc-5.2.10.RELEASE.jar:5.2.10.RELEASE]
	at org.springframework.web.servlet.FrameworkServlet.doGet(FrameworkServlet.java:898) ~[spring-webmvc-5.2.10.RELEASE.jar:5.2.10.RELEASE]
	at javax.servlet.http.HttpServlet.service(HttpServlet.java:626) ~[tomcat-embed-core-9.0.39.jar:4.0.FR]
	at org.springframework.web.servlet.FrameworkServlet.service(FrameworkServlet.java:883) ~[spring-webmvc-5.2.10.RELEASE.jar:5.2.10.RELEASE]
	at javax.servlet.http.HttpServlet.service(HttpServlet.java:733) ~[tomcat-embed-core-9.0.39.jar:4.0.FR]
	at org.apache.catalina.core.ApplicationFilterChain.internalDoFilter(ApplicationFilterChain.java:231) ~[tomcat-embed-core-9.0.39.jar:9.0.39]
	at org.apache.catalina.core.ApplicationFilterChain.doFilter(ApplicationFilterChain.java:166) ~[tomcat-embed-core-9.0.39.jar:9.0.39]
	at org.apache.tomcat.websocket.server.WsFilter.doFilter(WsFilter.java:53) ~[tomcat-embed-websocket-9.0.39.jar:9.0.39]
	at org.apache.catalina.core.ApplicationFilterChain.internalDoFilter(ApplicationFilterChain.java:193) ~[tomcat-embed-core-9.0.39.jar:9.0.39]
	at org.apache.catalina.core.ApplicationFilterChain.doFilter(ApplicationFilterChain.java:166) ~[tomcat-embed-core-9.0.39.jar:9.0.39]
	at org.springframework.web.filter.RequestContextFilter.doFilterInternal(RequestContextFilter.java:100) ~[spring-web-5.2.10.RELEASE.jar:5.2.10.RELEASE]
	at org.springframework.web.filter.OncePerRequestFilter.doFilter(OncePerRequestFilter.java:119) ~[spring-web-5.2.10.RELEASE.jar:5.2.10.RELEASE]
	at org.apache.catalina.core.ApplicationFilterChain.internalDoFilter(ApplicationFilterChain.java:193) ~[tomcat-embed-core-9.0.39.jar:9.0.39]
	at org.apache.catalina.core.ApplicationFilterChain.doFilter(ApplicationFilterChain.java:166) ~[tomcat-embed-core-9.0.39.jar:9.0.39]
	at org.springframework.web.filter.FormContentFilter.doFilterInternal(FormContentFilter.java:93) ~[spring-web-5.2.10.RELEASE.jar:5.2.10.RELEASE]
	at org.springframework.web.filter.OncePerRequestFilter.doFilter(OncePerRequestFilter.java:119) ~[spring-web-5.2.10.RELEASE.jar:5.2.10.RELEASE]
	at org.apache.catalina.core.ApplicationFilterChain.internalDoFilter(ApplicationFilterChain.java:193) ~[tomcat-embed-core-9.0.39.jar:9.0.39]
	at org.apache.catalina.core.ApplicationFilterChain.doFilter(ApplicationFilterChain.java:166) ~[tomcat-embed-core-9.0.39.jar:9.0.39]
	at org.springframework.web.filter.CharacterEncodingFilter.doFilterInternal(CharacterEncodingFilter.java:201) ~[spring-web-5.2.10.RELEASE.jar:5.2.10.RELEASE]
	at org.springframework.web.filter.OncePerRequestFilter.doFilter(OncePerRequestFilter.java:119) ~[spring-web-5.2.10.RELEASE.jar:5.2.10.RELEASE]
	at org.apache.catalina.core.ApplicationFilterChain.internalDoFilter(ApplicationFilterChain.java:193) ~[tomcat-embed-core-9.0.39.jar:9.0.39]
	at org.apache.catalina.core.ApplicationFilterChain.doFilter(ApplicationFilterChain.java:166) ~[tomcat-embed-core-9.0.39.jar:9.0.39]
	at org.apache.catalina.core.StandardWrapperValve.invoke(StandardWrapperValve.java:202) ~[tomcat-embed-core-9.0.39.jar:9.0.39]
	at org.apache.catalina.core.StandardContextValve.invoke(StandardContextValve.java:97) ~[tomcat-embed-core-9.0.39.jar:9.0.39]
	at org.apache.catalina.authenticator.AuthenticatorBase.invoke(AuthenticatorBase.java:542) ~[tomcat-embed-core-9.0.39.jar:9.0.39]
	at org.apache.catalina.core.StandardHostValve.invoke(StandardHostValve.java:143) ~[tomcat-embed-core-9.0.39.jar:9.0.39]
	at org.apache.catalina.valves.ErrorReportValve.invoke(ErrorReportValve.java:92) ~[tomcat-embed-core-9.0.39.jar:9.0.39]
	at org.apache.catalina.core.StandardEngineValve.invoke(StandardEngineValve.java:78) ~[tomcat-embed-core-9.0.39.jar:9.0.39]
	at org.apache.catalina.connector.CoyoteAdapter.service(CoyoteAdapter.java:343) ~[tomcat-embed-core-9.0.39.jar:9.0.39]
	at org.apache.coyote.http11.Http11Processor.service(Http11Processor.java:374) ~[tomcat-embed-core-9.0.39.jar:9.0.39]
	at org.apache.coyote.AbstractProcessorLight.process(AbstractProcessorLight.java:65) ~[tomcat-embed-core-9.0.39.jar:9.0.39]
	at org.apache.coyote.AbstractProtocol$ConnectionHandler.process(AbstractProtocol.java:868) ~[tomcat-embed-core-9.0.39.jar:9.0.39]
	at org.apache.tomcat.util.net.NioEndpoint$SocketProcessor.doRun(NioEndpoint.java:1590) ~[tomcat-embed-core-9.0.39.jar:9.0.39]
	at org.apache.tomcat.util.net.SocketProcessorBase.run(SocketProcessorBase.java:49) ~[tomcat-embed-core-9.0.39.jar:9.0.39]
	at java.base/java.util.concurrent.ThreadPoolExecutor.runWorker(ThreadPoolExecutor.java:1130) ~[na:na]
	at java.base/java.util.concurrent.ThreadPoolExecutor$Worker.run(ThreadPoolExecutor.java:630) ~[na:na]
	at org.apache.tomcat.util.threads.TaskThread$WrappingRunnable.run(TaskThread.java:61) ~[tomcat-embed-core-9.0.39.jar:9.0.39]
	at java.base/java.lang.Thread.run(Thread.java:832) ~[na:na]

2020-12-15 16:30:19.375  INFO 773 --- [http-nio-8080-exec-7] c.s.s.controller.SafetynetController     : Request --http://localhost:8080/flood/stations?stations=[1]
2020-12-15 16:30:19.386 DEBUG 773 --- [http-nio-8080-exec-7] c.s.s.controller.SafetynetController     : Data from the address list [644 Gershwin Cir, 908 73rd St, 947 E. Rose Dr]
2020-12-15 16:30:19.386 DEBUG 773 --- [http-nio-8080-exec-7] c.s.s.controller.SafetynetController     : Data from the list [com.safetynet.safetynet.dto.FloodDTODetails$DetailDTO$FloodDTO@260fa623]
2020-12-15 16:30:19.387 DEBUG 773 --- [http-nio-8080-exec-7] c.s.s.controller.SafetynetController     : Data from the list with grouped by addresses [com.safetynet.safetynet.dto.FloodDTODetails$DetailDTO@28c85c92]
2020-12-15 16:30:19.387 DEBUG 773 --- [http-nio-8080-exec-7] c.s.s.controller.SafetynetController     : Data from the list [com.safetynet.safetynet.dto.FloodDTODetails$DetailDTO$FloodDTO@2cf7cd53, com.safetynet.safetynet.dto.FloodDTODetails$DetailDTO$FloodDTO@69f556a9]
2020-12-15 16:30:19.387 DEBUG 773 --- [http-nio-8080-exec-7] c.s.s.controller.SafetynetController     : Data from the list with grouped by addresses [com.safetynet.safetynet.dto.FloodDTODetails$DetailDTO@28c85c92, com.safetynet.safetynet.dto.FloodDTODetails$DetailDTO@3290cb0a]
2020-12-15 16:30:19.387 DEBUG 773 --- [http-nio-8080-exec-7] c.s.s.controller.SafetynetController     : Data from the list [com.safetynet.safetynet.dto.FloodDTODetails$DetailDTO$FloodDTO@58563d06, com.safetynet.safetynet.dto.FloodDTODetails$DetailDTO$FloodDTO@4ad9fe0a, com.safetynet.safetynet.dto.FloodDTODetails$DetailDTO$FloodDTO@9daa9e6]
2020-12-15 16:30:19.387 DEBUG 773 --- [http-nio-8080-exec-7] c.s.s.controller.SafetynetController     : Data from the list with grouped by addresses [com.safetynet.safetynet.dto.FloodDTODetails$DetailDTO@28c85c92, com.safetynet.safetynet.dto.FloodDTODetails$DetailDTO@3290cb0a, com.safetynet.safetynet.dto.FloodDTODetails$DetailDTO@3d26fb4c]
2020-12-15 16:30:19.387  INFO 773 --- [http-nio-8080-exec-7] c.s.s.controller.SafetynetController     : Response --com.safetynet.safetynet.dto.FloodDTODetails@54714fe3
2020-12-15 16:38:14.076  INFO 773 --- [SpringContextShutdownHook] o.s.s.concurrent.ThreadPoolTaskExecutor  : Shutting down ExecutorService 'applicationTaskExecutor'
2020-12-15 16:38:17.400  INFO 894 --- [main] c.s.safetynet.SafetynetApplication       : Starting SafetynetApplication on Rahuls-MacBook-Pro.local with PID 894 (/Users/rahuljajoria/Desktop/GitProjects/GitHub/deliverable5/safetynet/target/classes started by rahuljajoria in /Users/rahuljajoria/Desktop/GitProjects/GitHub/deliverable5/safetynet)
2020-12-15 16:38:17.402 DEBUG 894 --- [main] c.s.safetynet.SafetynetApplication       : Running with Spring Boot v2.3.5.RELEASE, Spring v5.2.10.RELEASE
2020-12-15 16:38:17.403  INFO 894 --- [main] c.s.safetynet.SafetynetApplication       : No active profile set, falling back to default profiles: default
2020-12-15 16:38:18.140  INFO 894 --- [main] o.s.b.w.embedded.tomcat.TomcatWebServer  : Tomcat initialized with port(s): 8080 (http)
2020-12-15 16:38:18.149  INFO 894 --- [main] o.apache.catalina.core.StandardService   : Starting service [Tomcat]
2020-12-15 16:38:18.149  INFO 894 --- [main] org.apache.catalina.core.StandardEngine  : Starting Servlet engine: [Apache Tomcat/9.0.39]
2020-12-15 16:38:18.204  INFO 894 --- [main] o.a.c.c.C.[Tomcat].[localhost].[/]       : Initializing Spring embedded WebApplicationContext
2020-12-15 16:38:18.204  INFO 894 --- [main] w.s.c.ServletWebServerApplicationContext : Root WebApplicationContext: initialization completed in 755 ms
2020-12-15 16:38:18.382  INFO 894 --- [main] o.s.s.concurrent.ThreadPoolTaskExecutor  : Initializing ExecutorService 'applicationTaskExecutor'
2020-12-15 16:38:18.506  INFO 894 --- [main] o.s.b.w.embedded.tomcat.TomcatWebServer  : Tomcat started on port(s): 8080 (http) with context path ''
2020-12-15 16:38:18.514  INFO 894 --- [main] c.s.safetynet.SafetynetApplication       : Started SafetynetApplication in 1.637 seconds (JVM running for 1.95)
2020-12-15 16:38:33.098  INFO 894 --- [http-nio-8080-exec-2] o.a.c.c.C.[Tomcat].[localhost].[/]       : Initializing Spring DispatcherServlet 'dispatcherServlet'
2020-12-15 16:38:33.117  INFO 894 --- [http-nio-8080-exec-2] o.s.web.servlet.DispatcherServlet        : Initializing Servlet 'dispatcherServlet'
2020-12-15 16:38:33.125  INFO 894 --- [http-nio-8080-exec-2] o.s.web.servlet.DispatcherServlet        : Completed initialization in 8 ms
2020-12-15 16:38:33.149  INFO 894 --- [http-nio-8080-exec-2] c.s.s.controller.SafetynetController     : Request --http://localhost:8080/flood/stations?stations=[1]
2020-12-15 16:38:33.149 DEBUG 894 --- [http-nio-8080-exec-2] c.s.s.controller.SafetynetController     : Data from the address list [644 Gershwin Cir, 908 73rd St, 947 E. Rose Dr]
2020-12-15 16:38:33.150 DEBUG 894 --- [http-nio-8080-exec-2] c.s.s.controller.SafetynetController     : Data from the list [com.safetynet.safetynet.dto.FloodDTODetails$DetailDTO$FloodDTO@265b32b0]
2020-12-15 16:38:33.150 DEBUG 894 --- [http-nio-8080-exec-2] c.s.s.controller.SafetynetController     : Data from the list with grouped by addresses [com.safetynet.safetynet.dto.FloodDTODetails$DetailDTO@75c4a7f9]
2020-12-15 16:38:33.150 DEBUG 894 --- [http-nio-8080-exec-2] c.s.s.controller.SafetynetController     : Data from the list [com.safetynet.safetynet.dto.FloodDTODetails$DetailDTO$FloodDTO@51fa4337, com.safetynet.safetynet.dto.FloodDTODetails$DetailDTO$FloodDTO@13d8d7e3]
2020-12-15 16:38:33.151 DEBUG 894 --- [http-nio-8080-exec-2] c.s.s.controller.SafetynetController     : Data from the list with grouped by addresses [com.safetynet.safetynet.dto.FloodDTODetails$DetailDTO@75c4a7f9, com.safetynet.safetynet.dto.FloodDTODetails$DetailDTO@6c69a99a]
2020-12-15 16:38:33.151 DEBUG 894 --- [http-nio-8080-exec-2] c.s.s.controller.SafetynetController     : Data from the list [com.safetynet.safetynet.dto.FloodDTODetails$DetailDTO$FloodDTO@3cc23081, com.safetynet.safetynet.dto.FloodDTODetails$DetailDTO$FloodDTO@3f222fd5, com.safetynet.safetynet.dto.FloodDTODetails$DetailDTO$FloodDTO@6a90801d]
2020-12-15 16:38:33.151 DEBUG 894 --- [http-nio-8080-exec-2] c.s.s.controller.SafetynetController     : Data from the list with grouped by addresses [com.safetynet.safetynet.dto.FloodDTODetails$DetailDTO@75c4a7f9, com.safetynet.safetynet.dto.FloodDTODetails$DetailDTO@6c69a99a, com.safetynet.safetynet.dto.FloodDTODetails$DetailDTO@4b94c1ac]
2020-12-15 16:38:33.151  INFO 894 --- [http-nio-8080-exec-2] c.s.s.controller.SafetynetController     : Response --com.safetynet.safetynet.dto.FloodDTODetails@66ffa667
2020-12-15 16:39:41.400  INFO 894 --- [http-nio-8080-exec-5] c.s.s.controller.SafetynetController     : Request --http://localhost:8080/flood/stations?stations=[1, 2]
2020-12-15 16:39:41.401 DEBUG 894 --- [http-nio-8080-exec-5] c.s.s.controller.SafetynetController     : Data from the address list [29 15th St, 644 Gershwin Cir, 892 Downing Ct, 908 73rd St, 947 E. Rose Dr, 951 LoneTree Rd]
2020-12-15 16:39:41.401 DEBUG 894 --- [http-nio-8080-exec-5] c.s.s.controller.SafetynetController     : Data from the list [com.safetynet.safetynet.dto.FloodDTODetails$DetailDTO$FloodDTO@24bd170f]
2020-12-15 16:39:41.401 DEBUG 894 --- [http-nio-8080-exec-5] c.s.s.controller.SafetynetController     : Data from the list with grouped by addresses [com.safetynet.safetynet.dto.FloodDTODetails$DetailDTO@2a7afde8]
2020-12-15 16:39:41.401 DEBUG 894 --- [http-nio-8080-exec-5] c.s.s.controller.SafetynetController     : Data from the list [com.safetynet.safetynet.dto.FloodDTODetails$DetailDTO$FloodDTO@2e457c7f]
2020-12-15 16:39:41.401 DEBUG 894 --- [http-nio-8080-exec-5] c.s.s.controller.SafetynetController     : Data from the list with grouped by addresses [com.safetynet.safetynet.dto.FloodDTODetails$DetailDTO@2a7afde8, com.safetynet.safetynet.dto.FloodDTODetails$DetailDTO@6b47f7d3]
2020-12-15 16:39:41.401 DEBUG 894 --- [http-nio-8080-exec-5] c.s.s.controller.SafetynetController     : Data from the list [com.safetynet.safetynet.dto.FloodDTODetails$DetailDTO$FloodDTO@270e90db, com.safetynet.safetynet.dto.FloodDTODetails$DetailDTO$FloodDTO@5a66bc6f, com.safetynet.safetynet.dto.FloodDTODetails$DetailDTO$FloodDTO@5fc585d8]
2020-12-15 16:39:41.401 DEBUG 894 --- [http-nio-8080-exec-5] c.s.s.controller.SafetynetController     : Data from the list with grouped by addresses [com.safetynet.safetynet.dto.FloodDTODetails$DetailDTO@2a7afde8, com.safetynet.safetynet.dto.FloodDTODetails$DetailDTO@6b47f7d3, com.safetynet.safetynet.dto.FloodDTODetails$DetailDTO@b68089c]
2020-12-15 16:39:41.401 DEBUG 894 --- [http-nio-8080-exec-5] c.s.s.controller.SafetynetController     : Data from the list [com.safetynet.safetynet.dto.FloodDTODetails$DetailDTO$FloodDTO@58b3d962, com.safetynet.safetynet.dto.FloodDTODetails$DetailDTO$FloodDTO@37d983df]
2020-12-15 16:39:41.401 DEBUG 894 --- [http-nio-8080-exec-5] c.s.s.controller.SafetynetController     : Data from the list with grouped by addresses [com.safetynet.safetynet.dto.FloodDTODetails$DetailDTO@2a7afde8, com.safetynet.safetynet.dto.FloodDTODetails$DetailDTO@6b47f7d3, com.safetynet.safetynet.dto.FloodDTODetails$DetailDTO@b68089c, com.safetynet.safetynet.dto.FloodDTODetails$DetailDTO@44c12bb9]
2020-12-15 16:39:41.401 DEBUG 894 --- [http-nio-8080-exec-5] c.s.s.controller.SafetynetController     : Data from the list [com.safetynet.safetynet.dto.FloodDTODetails$DetailDTO$FloodDTO@f26f755, com.safetynet.safetynet.dto.FloodDTODetails$DetailDTO$FloodDTO@4918471a, com.safetynet.safetynet.dto.FloodDTODetails$DetailDTO$FloodDTO@3224f29d]
2020-12-15 16:39:41.401 DEBUG 894 --- [http-nio-8080-exec-5] c.s.s.controller.SafetynetController     : Data from the list with grouped by addresses [com.safetynet.safetynet.dto.FloodDTODetails$DetailDTO@2a7afde8, com.safetynet.safetynet.dto.FloodDTODetails$DetailDTO@6b47f7d3, com.safetynet.safetynet.dto.FloodDTODetails$DetailDTO@b68089c, com.safetynet.safetynet.dto.FloodDTODetails$DetailDTO@44c12bb9, com.safetynet.safetynet.dto.FloodDTODetails$DetailDTO@7f759b83]
2020-12-15 16:39:41.401 DEBUG 894 --- [http-nio-8080-exec-5] c.s.s.controller.SafetynetController     : Data from the list [com.safetynet.safetynet.dto.FloodDTODetails$DetailDTO$FloodDTO@47d15767]
2020-12-15 16:39:41.402 DEBUG 894 --- [http-nio-8080-exec-5] c.s.s.controller.SafetynetController     : Data from the list with grouped by addresses [com.safetynet.safetynet.dto.FloodDTODetails$DetailDTO@2a7afde8, com.safetynet.safetynet.dto.FloodDTODetails$DetailDTO@6b47f7d3, com.safetynet.safetynet.dto.FloodDTODetails$DetailDTO@b68089c, com.safetynet.safetynet.dto.FloodDTODetails$DetailDTO@44c12bb9, com.safetynet.safetynet.dto.FloodDTODetails$DetailDTO@7f759b83, com.safetynet.safetynet.dto.FloodDTODetails$DetailDTO@4c7ae810]
2020-12-15 16:39:41.402  INFO 894 --- [http-nio-8080-exec-5] c.s.s.controller.SafetynetController     : Response --com.safetynet.safetynet.dto.FloodDTODetails@595f5b18
2020-12-15 16:39:58.686  INFO 894 --- [http-nio-8080-exec-6] c.s.s.controller.SafetynetController     : Request --http://localhost:8080/flood/stations?stations=[1, 2, 3]
2020-12-15 16:39:58.687 DEBUG 894 --- [http-nio-8080-exec-6] c.s.s.controller.SafetynetController     : Data from the address list [1509 Culver St, 29 15th St, 834 Binoc Ave, 644 Gershwin Cir, 748 Townings Dr, 112 Steppes Pl, 892 Downing Ct, 908 73rd St, 947 E. Rose Dr, 748 Townings Dr, 951 LoneTree Rd]
2020-12-15 16:39:58.687 DEBUG 894 --- [http-nio-8080-exec-6] c.s.s.controller.SafetynetController     : Data from the list [com.safetynet.safetynet.dto.FloodDTODetails$DetailDTO$FloodDTO@33cd3688, com.safetynet.safetynet.dto.FloodDTODetails$DetailDTO$FloodDTO@3d0ace81, com.safetynet.safetynet.dto.FloodDTODetails$DetailDTO$FloodDTO@39355df8, com.safetynet.safetynet.dto.FloodDTODetails$DetailDTO$FloodDTO@7c37c4ba, com.safetynet.safetynet.dto.FloodDTODetails$DetailDTO$FloodDTO@2614d4c2]
2020-12-15 16:39:58.687 DEBUG 894 --- [http-nio-8080-exec-6] c.s.s.controller.SafetynetController     : Data from the list with grouped by addresses [com.safetynet.safetynet.dto.FloodDTODetails$DetailDTO@4d817847]
2020-12-15 16:39:58.687 DEBUG 894 --- [http-nio-8080-exec-6] c.s.s.controller.SafetynetController     : Data from the list [com.safetynet.safetynet.dto.FloodDTODetails$DetailDTO$FloodDTO@5e483692]
2020-12-15 16:39:58.687 DEBUG 894 --- [http-nio-8080-exec-6] c.s.s.controller.SafetynetController     : Data from the list with grouped by addresses [com.safetynet.safetynet.dto.FloodDTODetails$DetailDTO@4d817847, com.safetynet.safetynet.dto.FloodDTODetails$DetailDTO@1c183bf5]
2020-12-15 16:39:58.687 DEBUG 894 --- [http-nio-8080-exec-6] c.s.s.controller.SafetynetController     : Data from the list [com.safetynet.safetynet.dto.FloodDTODetails$DetailDTO$FloodDTO@1caa4e70]
2020-12-15 16:39:58.687 DEBUG 894 --- [http-nio-8080-exec-6] c.s.s.controller.SafetynetController     : Data from the list with grouped by addresses [com.safetynet.safetynet.dto.FloodDTODetails$DetailDTO@4d817847, com.safetynet.safetynet.dto.FloodDTODetails$DetailDTO@1c183bf5, com.safetynet.safetynet.dto.FloodDTODetails$DetailDTO@5aaf4ee2]
2020-12-15 16:39:58.687 DEBUG 894 --- [http-nio-8080-exec-6] c.s.s.controller.SafetynetController     : Data from the list [com.safetynet.safetynet.dto.FloodDTODetails$DetailDTO$FloodDTO@454c1f83]
2020-12-15 16:39:58.687 DEBUG 894 --- [http-nio-8080-exec-6] c.s.s.controller.SafetynetController     : Data from the list with grouped by addresses [com.safetynet.safetynet.dto.FloodDTODetails$DetailDTO@4d817847, com.safetynet.safetynet.dto.FloodDTODetails$DetailDTO@1c183bf5, com.safetynet.safetynet.dto.FloodDTODetails$DetailDTO@5aaf4ee2, com.safetynet.safetynet.dto.FloodDTODetails$DetailDTO@1856434c]
2020-12-15 16:39:58.688 DEBUG 894 --- [http-nio-8080-exec-6] c.s.s.controller.SafetynetController     : Data from the list [com.safetynet.safetynet.dto.FloodDTODetails$DetailDTO$FloodDTO@56c147f8, com.safetynet.safetynet.dto.FloodDTODetails$DetailDTO$FloodDTO@7639db9c]
2020-12-15 16:39:58.688 DEBUG 894 --- [http-nio-8080-exec-6] c.s.s.controller.SafetynetController     : Data from the list with grouped by addresses [com.safetynet.safetynet.dto.FloodDTODetails$DetailDTO@4d817847, com.safetynet.safetynet.dto.FloodDTODetails$DetailDTO@1c183bf5, com.safetynet.safetynet.dto.FloodDTODetails$DetailDTO@5aaf4ee2, com.safetynet.safetynet.dto.FloodDTODetails$DetailDTO@1856434c, com.safetynet.safetynet.dto.FloodDTODetails$DetailDTO@53ac72df]
2020-12-15 16:39:58.688 DEBUG 894 --- [http-nio-8080-exec-6] c.s.s.controller.SafetynetController     : Data from the list [com.safetynet.safetynet.dto.FloodDTODetails$DetailDTO$FloodDTO@79ca07c5, com.safetynet.safetynet.dto.FloodDTODetails$DetailDTO$FloodDTO@25e86183, com.safetynet.safetynet.dto.FloodDTODetails$DetailDTO$FloodDTO@1d35bb99]
2020-12-15 16:39:58.688 DEBUG 894 --- [http-nio-8080-exec-6] c.s.s.controller.SafetynetController     : Data from the list with grouped by addresses [com.safetynet.safetynet.dto.FloodDTODetails$DetailDTO@4d817847, com.safetynet.safetynet.dto.FloodDTODetails$DetailDTO@1c183bf5, com.safetynet.safetynet.dto.FloodDTODetails$DetailDTO@5aaf4ee2, com.safetynet.safetynet.dto.FloodDTODetails$DetailDTO@1856434c, com.safetynet.safetynet.dto.FloodDTODetails$DetailDTO@53ac72df, com.safetynet.safetynet.dto.FloodDTODetails$DetailDTO@2dbf086a]
2020-12-15 16:39:58.688 DEBUG 894 --- [http-nio-8080-exec-6] c.s.s.controller.SafetynetController     : Data from the list [com.safetynet.safetynet.dto.FloodDTODetails$DetailDTO$FloodDTO@4e2c637, com.safetynet.safetynet.dto.FloodDTODetails$DetailDTO$FloodDTO@62605b51, com.safetynet.safetynet.dto.FloodDTODetails$DetailDTO$FloodDTO@5239cdf7]
2020-12-15 16:39:58.688 DEBUG 894 --- [http-nio-8080-exec-6] c.s.s.controller.SafetynetController     : Data from the list with grouped by addresses [com.safetynet.safetynet.dto.FloodDTODetails$DetailDTO@4d817847, com.safetynet.safetynet.dto.FloodDTODetails$DetailDTO@1c183bf5, com.safetynet.safetynet.dto.FloodDTODetails$DetailDTO@5aaf4ee2, com.safetynet.safetynet.dto.FloodDTODetails$DetailDTO@1856434c, com.safetynet.safetynet.dto.FloodDTODetails$DetailDTO@53ac72df, com.safetynet.safetynet.dto.FloodDTODetails$DetailDTO@2dbf086a, com.safetynet.safetynet.dto.FloodDTODetails$DetailDTO@7907382]
2020-12-15 16:39:58.688 DEBUG 894 --- [http-nio-8080-exec-6] c.s.s.controller.SafetynetController     : Data from the list [com.safetynet.safetynet.dto.FloodDTODetails$DetailDTO$FloodDTO@1551ce39, com.safetynet.safetynet.dto.FloodDTODetails$DetailDTO$FloodDTO@758bb511]
2020-12-15 16:39:58.688 DEBUG 894 --- [http-nio-8080-exec-6] c.s.s.controller.SafetynetController     : Data from the list with grouped by addresses [com.safetynet.safetynet.dto.FloodDTODetails$DetailDTO@4d817847, com.safetynet.safetynet.dto.FloodDTODetails$DetailDTO@1c183bf5, com.safetynet.safetynet.dto.FloodDTODetails$DetailDTO@5aaf4ee2, com.safetynet.safetynet.dto.FloodDTODetails$DetailDTO@1856434c, com.safetynet.safetynet.dto.FloodDTODetails$DetailDTO@53ac72df, com.safetynet.safetynet.dto.FloodDTODetails$DetailDTO@2dbf086a, com.safetynet.safetynet.dto.FloodDTODetails$DetailDTO@7907382, com.safetynet.safetynet.dto.FloodDTODetails$DetailDTO@69c18822]
2020-12-15 16:39:58.688 DEBUG 894 --- [http-nio-8080-exec-6] c.s.s.controller.SafetynetController     : Data from the list [com.safetynet.safetynet.dto.FloodDTODetails$DetailDTO$FloodDTO@6dc9fafb, com.safetynet.safetynet.dto.FloodDTODetails$DetailDTO$FloodDTO@76f2c17d, com.safetynet.safetynet.dto.FloodDTODetails$DetailDTO$FloodDTO@5e79c18f]
2020-12-15 16:39:58.688 DEBUG 894 --- [http-nio-8080-exec-6] c.s.s.controller.SafetynetController     : Data from the list with grouped by addresses [com.safetynet.safetynet.dto.FloodDTODetails$DetailDTO@4d817847, com.safetynet.safetynet.dto.FloodDTODetails$DetailDTO@1c183bf5, com.safetynet.safetynet.dto.FloodDTODetails$DetailDTO@5aaf4ee2, com.safetynet.safetynet.dto.FloodDTODetails$DetailDTO@1856434c, com.safetynet.safetynet.dto.FloodDTODetails$DetailDTO@53ac72df, com.safetynet.safetynet.dto.FloodDTODetails$DetailDTO@2dbf086a, com.safetynet.safetynet.dto.FloodDTODetails$DetailDTO@7907382, com.safetynet.safetynet.dto.FloodDTODetails$DetailDTO@69c18822, com.safetynet.safetynet.dto.FloodDTODetails$DetailDTO@3b1cd2fa]
2020-12-15 16:39:58.689 DEBUG 894 --- [http-nio-8080-exec-6] c.s.s.controller.SafetynetController     : Data from the list [com.safetynet.safetynet.dto.FloodDTODetails$DetailDTO$FloodDTO@19a0f940, com.safetynet.safetynet.dto.FloodDTODetails$DetailDTO$FloodDTO@79392a20]
2020-12-15 16:39:58.689 DEBUG 894 --- [http-nio-8080-exec-6] c.s.s.controller.SafetynetController     : Data from the list with grouped by addresses [com.safetynet.safetynet.dto.FloodDTODetails$DetailDTO@4d817847, com.safetynet.safetynet.dto.FloodDTODetails$DetailDTO@1c183bf5, com.safetynet.safetynet.dto.FloodDTODetails$DetailDTO@5aaf4ee2, com.safetynet.safetynet.dto.FloodDTODetails$DetailDTO@1856434c, com.safetynet.safetynet.dto.FloodDTODetails$DetailDTO@53ac72df, com.safetynet.safetynet.dto.FloodDTODetails$DetailDTO@2dbf086a, com.safetynet.safetynet.dto.FloodDTODetails$DetailDTO@7907382, com.safetynet.safetynet.dto.FloodDTODetails$DetailDTO@69c18822, com.safetynet.safetynet.dto.FloodDTODetails$DetailDTO@3b1cd2fa, com.safetynet.safetynet.dto.FloodDTODetails$DetailDTO@69dce931]
2020-12-15 16:39:58.689 DEBUG 894 --- [http-nio-8080-exec-6] c.s.s.controller.SafetynetController     : Data from the list [com.safetynet.safetynet.dto.FloodDTODetails$DetailDTO$FloodDTO@340a7df2]
2020-12-15 16:39:58.689 DEBUG 894 --- [http-nio-8080-exec-6] c.s.s.controller.SafetynetController     : Data from the list with grouped by addresses [com.safetynet.safetynet.dto.FloodDTODetails$DetailDTO@4d817847, com.safetynet.safetynet.dto.FloodDTODetails$DetailDTO@1c183bf5, com.safetynet.safetynet.dto.FloodDTODetails$DetailDTO@5aaf4ee2, com.safetynet.safetynet.dto.FloodDTODetails$DetailDTO@1856434c, com.safetynet.safetynet.dto.FloodDTODetails$DetailDTO@53ac72df, com.safetynet.safetynet.dto.FloodDTODetails$DetailDTO@2dbf086a, com.safetynet.safetynet.dto.FloodDTODetails$DetailDTO@7907382, com.safetynet.safetynet.dto.FloodDTODetails$DetailDTO@69c18822, com.safetynet.safetynet.dto.FloodDTODetails$DetailDTO@3b1cd2fa, com.safetynet.safetynet.dto.FloodDTODetails$DetailDTO@69dce931, com.safetynet.safetynet.dto.FloodDTODetails$DetailDTO@2a7ef8ca]
2020-12-15 16:39:58.689  INFO 894 --- [http-nio-8080-exec-6] c.s.s.controller.SafetynetController     : Response --com.safetynet.safetynet.dto.FloodDTODetails@1aa6af8f
2020-12-15 16:40:40.747  INFO 894 --- [SpringContextShutdownHook] o.s.s.concurrent.ThreadPoolTaskExecutor  : Shutting down ExecutorService 'applicationTaskExecutor'
